43.0 APEX_CODE,FINEST;APEX_PROFILING,INFO;CALLOUT,INFO;DB,INFO;NBA,INFO;SYSTEM,DEBUG;VALIDATION,INFO;VISUALFORCE,INFO;WAVE,INFO;WORKFLOW,INFO
19:27:00.0 (84942)|USER_INFO|[EXTERNAL]|00528000002Hacx|man@cloudindustry.com.au|Australian Eastern Standard Time|GMT+10:00
19:27:00.0 (123205)|EXECUTION_STARTED
19:27:00.0 (128506)|CODE_UNIT_STARTED|[EXTERNAL]|0660I000008NnCU|VF: /apex/flex
19:27:00.0 (4715505)|SYSTEM_MODE_ENTER|true
19:27:00.0 (5082058)|HEAP_ALLOCATE|[72]|Bytes:3
19:27:00.0 (5123586)|HEAP_ALLOCATE|[77]|Bytes:152
19:27:00.0 (5140079)|HEAP_ALLOCATE|[342]|Bytes:408
19:27:00.0 (5152629)|HEAP_ALLOCATE|[355]|Bytes:408
19:27:00.0 (5163362)|HEAP_ALLOCATE|[467]|Bytes:48
19:27:00.0 (5189969)|HEAP_ALLOCATE|[139]|Bytes:6
19:27:00.0 (5238899)|HEAP_ALLOCATE|[EXTERNAL]|Bytes:3
19:27:00.0 (5254379)|METHOD_ENTRY|[1]|01p0I00000FXPnO|AboutMeController.AboutMeController()
19:27:00.0 (5263938)|STATEMENT_EXECUTE|[1]
19:27:00.0 (5273548)|STATEMENT_EXECUTE|[1]
19:27:00.0 (5300614)|METHOD_EXIT|[1]|AboutMeController
19:27:00.0 (5313226)|HEAP_ALLOCATE|[EXTERNAL]|Bytes:4
19:27:00.0 (5322086)|VARIABLE_SCOPE_BEGIN|[1]|this|AboutMeController|true|false
19:27:00.0 (5363688)|VARIABLE_ASSIGNMENT|[1]|this|{}|0x327caef7
19:27:00.0 (5377285)|HEAP_ALLOCATE|[EXTERNAL]|Bytes:6
19:27:00.0 (5441350)|STATEMENT_EXECUTE|[1]
19:27:00.0 (6549818)|VF_SERIALIZE_VIEWSTATE_BEGIN|0660I000008NnCU
19:27:00.0 (8179697)|VF_SERIALIZE_VIEWSTATE_END
19:27:00.9 (9997677)|CUMULATIVE_LIMIT_USAGE
19:27:00.9 (9997677)|LIMIT_USAGE_FOR_NS|(default)|
  Number of SOQL queries: 0 out of 100
  Number of query rows: 0 out of 50000
  Number of SOSL queries: 0 out of 20
  Number of DML statements: 0 out of 150
  Number of DML rows: 0 out of 10000
  Maximum CPU time: 0 out of 10000
  Maximum heap size: 0 out of 6000000
  Number of callouts: 0 out of 100
  Number of Email Invocations: 0 out of 10
  Number of future calls: 0 out of 50
  Number of queueable jobs added to the queue: 0 out of 50
  Number of Mobile Apex push calls: 0 out of 10

19:27:00.9 (9997677)|CUMULATIVE_LIMIT_USAGE_END

19:27:00.0 (10037969)|CODE_UNIT_FINISHED|VF: /apex/flex
19:27:00.0 (10788281)|EXECUTION_FINISHED
