43.0 APEX_CODE,FINEST;APEX_PROFILING,INFO;CALLOUT,INFO;DB,INFO;NBA,INFO;SYSTEM,DEBUG;VALIDATION,INFO;VISUALFORCE,INFO;WAVE,INFO;WORKFLOW,INFO
19:45:08.0 (356072)|USER_INFO|[EXTERNAL]|00528000002Hacx|man@cloudindustry.com.au|Australian Eastern Standard Time|GMT+10:00
19:45:08.0 (389782)|EXECUTION_STARTED
19:45:08.0 (395295)|CODE_UNIT_STARTED|[EXTERNAL]|0660I000008NnCU|VF: /apex/flex
19:45:08.0 (2843193)|SYSTEM_MODE_ENTER|true
19:45:08.0 (3558045)|HEAP_ALLOCATE|[72]|Bytes:3
19:45:08.0 (3639928)|HEAP_ALLOCATE|[77]|Bytes:152
19:45:08.0 (3664783)|HEAP_ALLOCATE|[342]|Bytes:408
19:45:08.0 (3687298)|HEAP_ALLOCATE|[355]|Bytes:408
19:45:08.0 (3709065)|HEAP_ALLOCATE|[467]|Bytes:48
19:45:08.0 (3750597)|HEAP_ALLOCATE|[139]|Bytes:6
19:45:08.0 (3776965)|HEAP_ALLOCATE|[EXTERNAL]|Bytes:3
19:45:08.0 (3829185)|METHOD_ENTRY|[1]|01p0I00000FXPnO|AboutMeController.AboutMeController()
19:45:08.0 (3840208)|STATEMENT_EXECUTE|[1]
19:45:08.0 (3847736)|STATEMENT_EXECUTE|[1]
19:45:08.0 (3854233)|METHOD_EXIT|[1]|AboutMeController
19:45:08.0 (3893314)|HEAP_ALLOCATE|[EXTERNAL]|Bytes:4
19:45:08.0 (3905872)|VARIABLE_SCOPE_BEGIN|[1]|this|AboutMeController|true|false
19:45:08.0 (4094867)|VARIABLE_ASSIGNMENT|[1]|this|{}|0x3d70af92
19:45:08.0 (4118694)|HEAP_ALLOCATE|[EXTERNAL]|Bytes:6
19:45:08.0 (4199911)|STATEMENT_EXECUTE|[1]
19:45:08.0 (5760578)|VF_SERIALIZE_VIEWSTATE_BEGIN|0660I000008NnCU
19:45:08.0 (7258192)|VF_SERIALIZE_VIEWSTATE_END
19:45:08.8 (8841025)|CUMULATIVE_LIMIT_USAGE
19:45:08.8 (8841025)|LIMIT_USAGE_FOR_NS|(default)|
  Number of SOQL queries: 0 out of 100
  Number of query rows: 0 out of 50000
  Number of SOSL queries: 0 out of 20
  Number of DML statements: 0 out of 150
  Number of DML rows: 0 out of 10000
  Maximum CPU time: 0 out of 10000
  Maximum heap size: 0 out of 6000000
  Number of callouts: 0 out of 100
  Number of Email Invocations: 0 out of 10
  Number of future calls: 0 out of 50
  Number of queueable jobs added to the queue: 0 out of 50
  Number of Mobile Apex push calls: 0 out of 10

19:45:08.8 (8841025)|CUMULATIVE_LIMIT_USAGE_END

19:45:08.0 (8887558)|CODE_UNIT_FINISHED|VF: /apex/flex
19:45:08.0 (9693627)|EXECUTION_FINISHED
