43.0 APEX_CODE,FINEST;APEX_PROFILING,INFO;CALLOUT,INFO;DB,INFO;NBA,INFO;SYSTEM,DEBUG;VALIDATION,INFO;VISUALFORCE,INFO;WAVE,INFO;WORKFLOW,INFO
19:25:23.0 (340689)|USER_INFO|[EXTERNAL]|00528000002Hacx|man@cloudindustry.com.au|Australian Eastern Standard Time|GMT+10:00
19:25:23.0 (375572)|EXECUTION_STARTED
19:25:23.0 (381240)|CODE_UNIT_STARTED|[EXTERNAL]|0660I000008NnCU|VF: /apex/flex
19:25:23.0 (2403698)|SYSTEM_MODE_ENTER|true
19:25:23.0 (2778023)|HEAP_ALLOCATE|[72]|Bytes:3
19:25:23.0 (2813472)|HEAP_ALLOCATE|[77]|Bytes:152
19:25:23.0 (2829483)|HEAP_ALLOCATE|[342]|Bytes:408
19:25:23.0 (2842133)|HEAP_ALLOCATE|[355]|Bytes:408
19:25:23.0 (2852519)|HEAP_ALLOCATE|[467]|Bytes:48
19:25:23.0 (2895944)|HEAP_ALLOCATE|[139]|Bytes:6
19:25:23.0 (2914043)|HEAP_ALLOCATE|[EXTERNAL]|Bytes:3
19:25:23.0 (2925417)|METHOD_ENTRY|[1]|01p0I00000FXPnO|AboutMeController.AboutMeController()
19:25:23.0 (2932624)|STATEMENT_EXECUTE|[1]
19:25:23.0 (2937418)|STATEMENT_EXECUTE|[1]
19:25:23.0 (2940847)|METHOD_EXIT|[1]|AboutMeController
19:25:23.0 (2955159)|HEAP_ALLOCATE|[EXTERNAL]|Bytes:4
19:25:23.0 (2963686)|VARIABLE_SCOPE_BEGIN|[1]|this|AboutMeController|true|false
19:25:23.0 (3471741)|VARIABLE_ASSIGNMENT|[1]|this|{}|0x77cf077c
19:25:23.0 (3489026)|HEAP_ALLOCATE|[EXTERNAL]|Bytes:6
19:25:23.0 (3546830)|STATEMENT_EXECUTE|[1]
19:25:23.0 (4536867)|VF_SERIALIZE_VIEWSTATE_BEGIN|0660I000008NnCU
19:25:23.0 (6030456)|VF_SERIALIZE_VIEWSTATE_END
19:25:23.7 (7676755)|CUMULATIVE_LIMIT_USAGE
19:25:23.7 (7676755)|LIMIT_USAGE_FOR_NS|(default)|
  Number of SOQL queries: 0 out of 100
  Number of query rows: 0 out of 50000
  Number of SOSL queries: 0 out of 20
  Number of DML statements: 0 out of 150
  Number of DML rows: 0 out of 10000
  Maximum CPU time: 0 out of 10000
  Maximum heap size: 0 out of 6000000
  Number of callouts: 0 out of 100
  Number of Email Invocations: 0 out of 10
  Number of future calls: 0 out of 50
  Number of queueable jobs added to the queue: 0 out of 50
  Number of Mobile Apex push calls: 0 out of 10

19:25:23.7 (7676755)|CUMULATIVE_LIMIT_USAGE_END

19:25:23.0 (7712923)|CODE_UNIT_FINISHED|VF: /apex/flex
19:25:23.0 (8670061)|EXECUTION_FINISHED
