43.0 APEX_CODE,FINEST;APEX_PROFILING,INFO;CALLOUT,INFO;DB,INFO;NBA,INFO;SYSTEM,DEBUG;VALIDATION,INFO;VISUALFORCE,INFO;WAVE,INFO;WORKFLOW,INFO
19:36:24.0 (434786)|USER_INFO|[EXTERNAL]|00528000002Hacx|man@cloudindustry.com.au|Australian Eastern Standard Time|GMT+10:00
19:36:24.0 (477670)|EXECUTION_STARTED
19:36:24.0 (483374)|CODE_UNIT_STARTED|[EXTERNAL]|0660I000008NnCU|VF: /apex/flex
19:36:24.0 (3185851)|SYSTEM_MODE_ENTER|true
19:36:24.0 (3588926)|HEAP_ALLOCATE|[72]|Bytes:3
19:36:24.0 (3626629)|HEAP_ALLOCATE|[77]|Bytes:152
19:36:24.0 (3642858)|HEAP_ALLOCATE|[342]|Bytes:408
19:36:24.0 (3656163)|HEAP_ALLOCATE|[355]|Bytes:408
19:36:24.0 (3667412)|HEAP_ALLOCATE|[467]|Bytes:48
19:36:24.0 (3693551)|HEAP_ALLOCATE|[139]|Bytes:6
19:36:24.0 (3709215)|HEAP_ALLOCATE|[EXTERNAL]|Bytes:3
19:36:24.0 (3720061)|METHOD_ENTRY|[1]|01p0I00000FXPnO|AboutMeController.AboutMeController()
19:36:24.0 (3726673)|STATEMENT_EXECUTE|[1]
19:36:24.0 (3730608)|STATEMENT_EXECUTE|[1]
19:36:24.0 (3735155)|METHOD_EXIT|[1]|AboutMeController
19:36:24.0 (3749085)|HEAP_ALLOCATE|[EXTERNAL]|Bytes:4
19:36:24.0 (3755857)|VARIABLE_SCOPE_BEGIN|[1]|this|AboutMeController|true|false
19:36:24.0 (3796171)|VARIABLE_ASSIGNMENT|[1]|this|{}|0x5a43e0da
19:36:24.0 (3809712)|HEAP_ALLOCATE|[EXTERNAL]|Bytes:6
19:36:24.0 (3869882)|STATEMENT_EXECUTE|[1]
19:36:24.0 (5005776)|VF_SERIALIZE_VIEWSTATE_BEGIN|0660I000008NnCU
19:36:24.0 (6492530)|VF_SERIALIZE_VIEWSTATE_END
19:36:24.7 (7968063)|CUMULATIVE_LIMIT_USAGE
19:36:24.7 (7968063)|LIMIT_USAGE_FOR_NS|(default)|
  Number of SOQL queries: 0 out of 100
  Number of query rows: 0 out of 50000
  Number of SOSL queries: 0 out of 20
  Number of DML statements: 0 out of 150
  Number of DML rows: 0 out of 10000
  Maximum CPU time: 0 out of 10000
  Maximum heap size: 0 out of 6000000
  Number of callouts: 0 out of 100
  Number of Email Invocations: 0 out of 10
  Number of future calls: 0 out of 50
  Number of queueable jobs added to the queue: 0 out of 50
  Number of Mobile Apex push calls: 0 out of 10

19:36:24.7 (7968063)|CUMULATIVE_LIMIT_USAGE_END

19:36:24.0 (8014909)|CODE_UNIT_FINISHED|VF: /apex/flex
19:36:24.0 (8806574)|EXECUTION_FINISHED
