43.0 APEX_CODE,FINEST;APEX_PROFILING,INFO;CALLOUT,INFO;DB,INFO;NBA,INFO;SYSTEM,DEBUG;VALIDATION,INFO;VISUALFORCE,INFO;WAVE,INFO;WORKFLOW,INFO
19:13:46.0 (460776)|USER_INFO|[EXTERNAL]|00528000002Hacx|man@cloudindustry.com.au|Australian Eastern Standard Time|GMT+10:00
19:13:46.0 (497479)|EXECUTION_STARTED
19:13:46.0 (502635)|CODE_UNIT_STARTED|[EXTERNAL]|0660I000008NnCU|VF: /apex/flex
19:13:46.0 (3129751)|SYSTEM_MODE_ENTER|true
19:13:46.0 (3778505)|HEAP_ALLOCATE|[72]|Bytes:3
19:13:46.0 (3852597)|HEAP_ALLOCATE|[77]|Bytes:152
19:13:46.0 (3868377)|HEAP_ALLOCATE|[342]|Bytes:408
19:13:46.0 (3879919)|HEAP_ALLOCATE|[355]|Bytes:408
19:13:46.0 (3890759)|HEAP_ALLOCATE|[467]|Bytes:48
19:13:46.0 (3918615)|HEAP_ALLOCATE|[139]|Bytes:6
19:13:46.0 (3936330)|HEAP_ALLOCATE|[EXTERNAL]|Bytes:3
19:13:46.0 (3989230)|METHOD_ENTRY|[1]|01p0I00000FXPnO|AboutMeController.AboutMeController()
19:13:46.0 (3996974)|STATEMENT_EXECUTE|[1]
19:13:46.0 (4001642)|STATEMENT_EXECUTE|[1]
19:13:46.0 (4015346)|METHOD_EXIT|[1]|AboutMeController
19:13:46.0 (4031317)|HEAP_ALLOCATE|[EXTERNAL]|Bytes:4
19:13:46.0 (4039322)|VARIABLE_SCOPE_BEGIN|[1]|this|AboutMeController|true|false
19:13:46.0 (4163345)|VARIABLE_ASSIGNMENT|[1]|this|{}|0x4e1b735d
19:13:46.0 (4177509)|HEAP_ALLOCATE|[EXTERNAL]|Bytes:6
19:13:46.0 (4238837)|STATEMENT_EXECUTE|[1]
19:13:46.0 (5309319)|VF_SERIALIZE_VIEWSTATE_BEGIN|0660I000008NnCU
19:13:46.0 (11581509)|VF_SERIALIZE_VIEWSTATE_END
19:13:46.0 (30320837)|CODE_UNIT_STARTED|[EXTERNAL]|Generate Metadata
19:13:46.0 (30969912)|CODE_UNIT_FINISHED|Generate Metadata
19:13:46.32 (32817031)|CUMULATIVE_LIMIT_USAGE
19:13:46.32 (32817031)|LIMIT_USAGE_FOR_NS|(default)|
  Number of SOQL queries: 0 out of 100
  Number of query rows: 0 out of 50000
  Number of SOSL queries: 0 out of 20
  Number of DML statements: 0 out of 150
  Number of DML rows: 0 out of 10000
  Maximum CPU time: 0 out of 10000
  Maximum heap size: 0 out of 6000000
  Number of callouts: 0 out of 100
  Number of Email Invocations: 0 out of 10
  Number of future calls: 0 out of 50
  Number of queueable jobs added to the queue: 0 out of 50
  Number of Mobile Apex push calls: 0 out of 10

19:13:46.32 (32817031)|CUMULATIVE_LIMIT_USAGE_END

19:13:46.0 (32871251)|CODE_UNIT_FINISHED|VF: /apex/flex
19:13:46.0 (33721169)|EXECUTION_FINISHED
