43.0 APEX_CODE,FINEST;APEX_PROFILING,INFO;CALLOUT,INFO;DB,INFO;NBA,INFO;SYSTEM,DEBUG;VALIDATION,INFO;VISUALFORCE,INFO;WAVE,INFO;WORKFLOW,INFO
19:26:54.0 (416726)|USER_INFO|[EXTERNAL]|00528000002Hacx|man@cloudindustry.com.au|Australian Eastern Standard Time|GMT+10:00
19:26:54.0 (465815)|EXECUTION_STARTED
19:26:54.0 (472220)|CODE_UNIT_STARTED|[EXTERNAL]|0660I000008NnCU|VF: /apex/flex
19:26:54.0 (3106146)|SYSTEM_MODE_ENTER|true
19:26:54.0 (3573480)|HEAP_ALLOCATE|[72]|Bytes:3
19:26:54.0 (3618839)|HEAP_ALLOCATE|[77]|Bytes:152
19:26:54.0 (3639478)|HEAP_ALLOCATE|[342]|Bytes:408
19:26:54.0 (3661751)|HEAP_ALLOCATE|[355]|Bytes:408
19:26:54.0 (3680046)|HEAP_ALLOCATE|[467]|Bytes:48
19:26:54.0 (3713646)|HEAP_ALLOCATE|[139]|Bytes:6
19:26:54.0 (3737047)|HEAP_ALLOCATE|[EXTERNAL]|Bytes:3
19:26:54.0 (3754340)|METHOD_ENTRY|[1]|01p0I00000FXPnO|AboutMeController.AboutMeController()
19:26:54.0 (3764850)|STATEMENT_EXECUTE|[1]
19:26:54.0 (3771462)|STATEMENT_EXECUTE|[1]
19:26:54.0 (3778167)|METHOD_EXIT|[1]|AboutMeController
19:26:54.0 (3797222)|HEAP_ALLOCATE|[EXTERNAL]|Bytes:4
19:26:54.0 (3809223)|VARIABLE_SCOPE_BEGIN|[1]|this|AboutMeController|true|false
19:26:54.0 (3867646)|VARIABLE_ASSIGNMENT|[1]|this|{}|0x56c9e06d
19:26:54.0 (3889497)|HEAP_ALLOCATE|[EXTERNAL]|Bytes:6
19:26:54.0 (3975310)|STATEMENT_EXECUTE|[1]
19:26:54.0 (5626837)|VF_SERIALIZE_VIEWSTATE_BEGIN|0660I000008NnCU
19:26:54.0 (7663999)|VF_SERIALIZE_VIEWSTATE_END
19:26:54.9 (9603055)|CUMULATIVE_LIMIT_USAGE
19:26:54.9 (9603055)|LIMIT_USAGE_FOR_NS|(default)|
  Number of SOQL queries: 0 out of 100
  Number of query rows: 0 out of 50000
  Number of SOSL queries: 0 out of 20
  Number of DML statements: 0 out of 150
  Number of DML rows: 0 out of 10000
  Maximum CPU time: 0 out of 10000
  Maximum heap size: 0 out of 6000000
  Number of callouts: 0 out of 100
  Number of Email Invocations: 0 out of 10
  Number of future calls: 0 out of 50
  Number of queueable jobs added to the queue: 0 out of 50
  Number of Mobile Apex push calls: 0 out of 10

19:26:54.9 (9603055)|CUMULATIVE_LIMIT_USAGE_END

19:26:54.0 (9658626)|CODE_UNIT_FINISHED|VF: /apex/flex
19:26:54.0 (10406877)|EXECUTION_FINISHED
