43.0 APEX_CODE,FINEST;APEX_PROFILING,INFO;CALLOUT,INFO;DB,INFO;NBA,INFO;SYSTEM,DEBUG;VALIDATION,INFO;VISUALFORCE,INFO;WAVE,INFO;WORKFLOW,INFO
19:34:36.1 (1095373)|USER_INFO|[EXTERNAL]|00528000002Hacx|man@cloudindustry.com.au|Australian Eastern Standard Time|GMT+10:00
19:34:36.1 (1133397)|EXECUTION_STARTED
19:34:36.1 (1138915)|CODE_UNIT_STARTED|[EXTERNAL]|0660I000008NnCU|VF: /apex/flex
19:34:36.1 (3472254)|SYSTEM_MODE_ENTER|true
19:34:36.1 (3888684)|HEAP_ALLOCATE|[72]|Bytes:3
19:34:36.1 (3923065)|HEAP_ALLOCATE|[77]|Bytes:152
19:34:36.1 (3938040)|HEAP_ALLOCATE|[342]|Bytes:408
19:34:36.1 (3951872)|HEAP_ALLOCATE|[355]|Bytes:408
19:34:36.1 (3962806)|HEAP_ALLOCATE|[467]|Bytes:48
19:34:36.1 (3989274)|HEAP_ALLOCATE|[139]|Bytes:6
19:34:36.1 (4004150)|HEAP_ALLOCATE|[EXTERNAL]|Bytes:3
19:34:36.1 (4017311)|METHOD_ENTRY|[1]|01p0I00000FXPnO|AboutMeController.AboutMeController()
19:34:36.1 (4025675)|STATEMENT_EXECUTE|[1]
19:34:36.1 (4030055)|STATEMENT_EXECUTE|[1]
19:34:36.1 (4034027)|METHOD_EXIT|[1]|AboutMeController
19:34:36.1 (4047079)|HEAP_ALLOCATE|[EXTERNAL]|Bytes:4
19:34:36.1 (4053956)|VARIABLE_SCOPE_BEGIN|[1]|this|AboutMeController|true|false
19:34:36.1 (4094779)|VARIABLE_ASSIGNMENT|[1]|this|{}|0x1d804897
19:34:36.1 (4106992)|HEAP_ALLOCATE|[EXTERNAL]|Bytes:6
19:34:36.1 (4161399)|STATEMENT_EXECUTE|[1]
19:34:36.1 (5241713)|VF_SERIALIZE_VIEWSTATE_BEGIN|0660I000008NnCU
19:34:36.1 (34444743)|VF_SERIALIZE_VIEWSTATE_END
19:34:36.36 (36643010)|CUMULATIVE_LIMIT_USAGE
19:34:36.36 (36643010)|LIMIT_USAGE_FOR_NS|(default)|
  Number of SOQL queries: 0 out of 100
  Number of query rows: 0 out of 50000
  Number of SOSL queries: 0 out of 20
  Number of DML statements: 0 out of 150
  Number of DML rows: 0 out of 10000
  Maximum CPU time: 0 out of 10000
  Maximum heap size: 0 out of 6000000
  Number of callouts: 0 out of 100
  Number of Email Invocations: 0 out of 10
  Number of future calls: 0 out of 50
  Number of queueable jobs added to the queue: 0 out of 50
  Number of Mobile Apex push calls: 0 out of 10

19:34:36.36 (36643010)|CUMULATIVE_LIMIT_USAGE_END

19:34:36.1 (36691374)|CODE_UNIT_FINISHED|VF: /apex/flex
19:34:36.1 (37581666)|EXECUTION_FINISHED
