43.0 APEX_CODE,FINEST;APEX_PROFILING,INFO;CALLOUT,INFO;DB,INFO;NBA,INFO;SYSTEM,DEBUG;VALIDATION,INFO;VISUALFORCE,INFO;WAVE,INFO;WORKFLOW,INFO
19:13:53.0 (386192)|USER_INFO|[EXTERNAL]|00528000002Hacx|man@cloudindustry.com.au|Australian Eastern Standard Time|GMT+10:00
19:13:53.0 (420520)|EXECUTION_STARTED
19:13:53.0 (425223)|CODE_UNIT_STARTED|[EXTERNAL]|0660I000008NnCU|VF: /apex/flex
19:13:53.0 (5676932)|SYSTEM_MODE_ENTER|true
19:13:53.0 (6181471)|HEAP_ALLOCATE|[72]|Bytes:3
19:13:53.0 (6230028)|HEAP_ALLOCATE|[77]|Bytes:152
19:13:53.0 (6244581)|HEAP_ALLOCATE|[342]|Bytes:408
19:13:53.0 (6256461)|HEAP_ALLOCATE|[355]|Bytes:408
19:13:53.0 (6268489)|HEAP_ALLOCATE|[467]|Bytes:48
19:13:53.0 (6296710)|HEAP_ALLOCATE|[139]|Bytes:6
19:13:53.0 (6312371)|HEAP_ALLOCATE|[EXTERNAL]|Bytes:3
19:13:53.0 (6323498)|METHOD_ENTRY|[1]|01p0I00000FXPnO|AboutMeController.AboutMeController()
19:13:53.0 (6334255)|STATEMENT_EXECUTE|[1]
19:13:53.0 (6338922)|STATEMENT_EXECUTE|[1]
19:13:53.0 (6356332)|METHOD_EXIT|[1]|AboutMeController
19:13:53.0 (6377196)|HEAP_ALLOCATE|[EXTERNAL]|Bytes:4
19:13:53.0 (6389057)|VARIABLE_SCOPE_BEGIN|[1]|this|AboutMeController|true|false
19:13:53.0 (6443347)|VARIABLE_ASSIGNMENT|[1]|this|{}|0x250d144f
19:13:53.0 (6461087)|HEAP_ALLOCATE|[EXTERNAL]|Bytes:6
19:13:53.0 (6535869)|STATEMENT_EXECUTE|[1]
19:13:53.0 (8529610)|VF_SERIALIZE_VIEWSTATE_BEGIN|0660I000008NnCU
19:13:53.0 (17385493)|VF_SERIALIZE_VIEWSTATE_END
19:13:53.0 (19125813)|CODE_UNIT_STARTED|[EXTERNAL]|Generate Metadata
19:13:53.0 (19650742)|CODE_UNIT_FINISHED|Generate Metadata
19:13:53.21 (21590215)|CUMULATIVE_LIMIT_USAGE
19:13:53.21 (21590215)|LIMIT_USAGE_FOR_NS|(default)|
  Number of SOQL queries: 0 out of 100
  Number of query rows: 0 out of 50000
  Number of SOSL queries: 0 out of 20
  Number of DML statements: 0 out of 150
  Number of DML rows: 0 out of 10000
  Maximum CPU time: 0 out of 10000
  Maximum heap size: 0 out of 6000000
  Number of callouts: 0 out of 100
  Number of Email Invocations: 0 out of 10
  Number of future calls: 0 out of 50
  Number of queueable jobs added to the queue: 0 out of 50
  Number of Mobile Apex push calls: 0 out of 10

19:13:53.21 (21590215)|CUMULATIVE_LIMIT_USAGE_END

19:13:53.0 (21627041)|CODE_UNIT_FINISHED|VF: /apex/flex
19:13:53.0 (22503755)|EXECUTION_FINISHED
