43.0 APEX_CODE,FINEST;APEX_PROFILING,INFO;CALLOUT,INFO;DB,INFO;NBA,INFO;SYSTEM,DEBUG;VALIDATION,INFO;VISUALFORCE,INFO;WAVE,INFO;WORKFLOW,INFO
19:56:20.0 (352915)|USER_INFO|[EXTERNAL]|00528000002Hacx|man@cloudindustry.com.au|Australian Eastern Standard Time|GMT+10:00
19:56:20.0 (393567)|EXECUTION_STARTED
19:56:20.0 (398822)|CODE_UNIT_STARTED|[EXTERNAL]|0660I000008NnCU|VF: /apex/flex
19:56:20.0 (2575064)|SYSTEM_MODE_ENTER|true
19:56:20.0 (2972941)|HEAP_ALLOCATE|[72]|Bytes:3
19:56:20.0 (3016072)|HEAP_ALLOCATE|[77]|Bytes:152
19:56:20.0 (3035808)|HEAP_ALLOCATE|[342]|Bytes:408
19:56:20.0 (3047752)|HEAP_ALLOCATE|[355]|Bytes:408
19:56:20.0 (3058216)|HEAP_ALLOCATE|[467]|Bytes:48
19:56:20.0 (3084312)|HEAP_ALLOCATE|[139]|Bytes:6
19:56:20.0 (3102346)|HEAP_ALLOCATE|[EXTERNAL]|Bytes:3
19:56:20.0 (3114454)|METHOD_ENTRY|[1]|01p0I00000FXPnO|AboutMeController.AboutMeController()
19:56:20.0 (3120650)|STATEMENT_EXECUTE|[1]
19:56:20.0 (3125628)|STATEMENT_EXECUTE|[1]
19:56:20.0 (3129621)|METHOD_EXIT|[1]|AboutMeController
19:56:20.0 (3143251)|HEAP_ALLOCATE|[EXTERNAL]|Bytes:4
19:56:20.0 (3150921)|VARIABLE_SCOPE_BEGIN|[1]|this|AboutMeController|true|false
19:56:20.0 (3191251)|VARIABLE_ASSIGNMENT|[1]|this|{}|0x46e41492
19:56:20.0 (3204067)|HEAP_ALLOCATE|[EXTERNAL]|Bytes:6
19:56:20.0 (3268851)|STATEMENT_EXECUTE|[1]
19:56:20.0 (4384015)|VF_SERIALIZE_VIEWSTATE_BEGIN|0660I000008NnCU
19:56:20.0 (6006606)|VF_SERIALIZE_VIEWSTATE_END
19:56:20.7 (7745327)|CUMULATIVE_LIMIT_USAGE
19:56:20.7 (7745327)|LIMIT_USAGE_FOR_NS|(default)|
  Number of SOQL queries: 0 out of 100
  Number of query rows: 0 out of 50000
  Number of SOSL queries: 0 out of 20
  Number of DML statements: 0 out of 150
  Number of DML rows: 0 out of 10000
  Maximum CPU time: 0 out of 10000
  Maximum heap size: 0 out of 6000000
  Number of callouts: 0 out of 100
  Number of Email Invocations: 0 out of 10
  Number of future calls: 0 out of 50
  Number of queueable jobs added to the queue: 0 out of 50
  Number of Mobile Apex push calls: 0 out of 10

19:56:20.7 (7745327)|CUMULATIVE_LIMIT_USAGE_END

19:56:20.0 (7786227)|CODE_UNIT_FINISHED|VF: /apex/flex
19:56:20.0 (8600335)|EXECUTION_FINISHED
