43.0 APEX_CODE,FINEST;APEX_PROFILING,INFO;CALLOUT,INFO;DB,INFO;NBA,INFO;SYSTEM,DEBUG;VALIDATION,INFO;VISUALFORCE,INFO;WAVE,INFO;WORKFLOW,INFO
19:26:15.0 (530310)|USER_INFO|[EXTERNAL]|00528000002Hacx|man@cloudindustry.com.au|Australian Eastern Standard Time|GMT+10:00
19:26:15.0 (581162)|EXECUTION_STARTED
19:26:15.0 (587594)|CODE_UNIT_STARTED|[EXTERNAL]|0660I000008NnCU|VF: /apex/flex
19:26:15.0 (2707570)|SYSTEM_MODE_ENTER|true
19:26:15.0 (3082693)|HEAP_ALLOCATE|[72]|Bytes:3
19:26:15.0 (3108345)|HEAP_ALLOCATE|[77]|Bytes:152
19:26:15.0 (3118402)|HEAP_ALLOCATE|[342]|Bytes:408
19:26:15.0 (3129566)|HEAP_ALLOCATE|[355]|Bytes:408
19:26:15.0 (3139670)|HEAP_ALLOCATE|[467]|Bytes:48
19:26:15.0 (3159560)|HEAP_ALLOCATE|[139]|Bytes:6
19:26:15.0 (3172528)|HEAP_ALLOCATE|[EXTERNAL]|Bytes:3
19:26:15.0 (3184552)|METHOD_ENTRY|[1]|01p0I00000FXPnO|AboutMeController.AboutMeController()
19:26:15.0 (3191574)|STATEMENT_EXECUTE|[1]
19:26:15.0 (3196796)|STATEMENT_EXECUTE|[1]
19:26:15.0 (3200782)|METHOD_EXIT|[1]|AboutMeController
19:26:15.0 (3214257)|HEAP_ALLOCATE|[EXTERNAL]|Bytes:4
19:26:15.0 (3221755)|VARIABLE_SCOPE_BEGIN|[1]|this|AboutMeController|true|false
19:26:15.0 (3263312)|VARIABLE_ASSIGNMENT|[1]|this|{}|0x497b4a8a
19:26:15.0 (3276245)|HEAP_ALLOCATE|[EXTERNAL]|Bytes:6
19:26:15.0 (3334702)|STATEMENT_EXECUTE|[1]
19:26:15.0 (4538390)|VF_SERIALIZE_VIEWSTATE_BEGIN|0660I000008NnCU
19:26:15.0 (6184521)|VF_SERIALIZE_VIEWSTATE_END
19:26:15.8 (8183312)|CUMULATIVE_LIMIT_USAGE
19:26:15.8 (8183312)|LIMIT_USAGE_FOR_NS|(default)|
  Number of SOQL queries: 0 out of 100
  Number of query rows: 0 out of 50000
  Number of SOSL queries: 0 out of 20
  Number of DML statements: 0 out of 150
  Number of DML rows: 0 out of 10000
  Maximum CPU time: 0 out of 10000
  Maximum heap size: 0 out of 6000000
  Number of callouts: 0 out of 100
  Number of Email Invocations: 0 out of 10
  Number of future calls: 0 out of 50
  Number of queueable jobs added to the queue: 0 out of 50
  Number of Mobile Apex push calls: 0 out of 10

19:26:15.8 (8183312)|CUMULATIVE_LIMIT_USAGE_END

19:26:15.0 (8235942)|CODE_UNIT_FINISHED|VF: /apex/flex
19:26:15.0 (9020465)|EXECUTION_FINISHED
